<?xml version="1.0" encoding="UTF-8"?>
<!-- Generated by org.testng.reporters.JUnitReportReporter -->
<testsuite hostname="LIN-PF25NPZ9" failures="0" tests="1" name="MbTestRunner.MbRunnerFile" time="19.766" errors="0" timestamp="2024-04-18T09:52:07 IST" skipped="0">
  <testcase classname="MbTestRunner.MbRunnerFile" name="runScenario" time="19.766"/>
</testsuite> <!-- MbTestRunner.MbRunnerFile -->
